<?xml version="1.0" encoding="UTF-8"?>
<testng-results ignored="0" total="4" passed="4" failed="0" skipped="0">
  <reporter-output>
  </reporter-output>
  <suite started-at="2025-03-04T16:03:14 IST" name="Suite" finished-at="2025-03-04T16:03:14 IST" duration-ms="32">
    <groups>
    </groups>
    <test started-at="2025-03-04T16:03:14 IST" name="Test" finished-at="2025-03-04T16:03:14 IST" duration-ms="32">
      <class name="pac2.orgTest">
        <test-method signature="createOrgTest()[pri:0, instance:pac2.orgTest@654f0d9c]" started-at="2025-03-04T16:03:14 IST" name="createOrgTest" finished-at="2025-03-04T16:03:14 IST" duration-ms="0" status="PASS">
          <reporter-output>
          </reporter-output>
        </test-method> <!-- createOrgTest -->
        <test-method signature="modifyOrgTest()[pri:0, instance:pac2.orgTest@654f0d9c]" started-at="2025-03-04T16:03:14 IST" name="modifyOrgTest" finished-at="2025-03-04T16:03:14 IST" duration-ms="0" status="PASS">
          <reporter-output>
          </reporter-output>
        </test-method> <!-- modifyOrgTest -->
      </class> <!-- pac2.orgTest -->
      <class name="pac1.contactTest">
        <test-method signature="createContactTest()[pri:0, instance:pac1.contactTest@353d0772]" started-at="2025-03-04T16:03:14 IST" name="createContactTest" finished-at="2025-03-04T16:03:14 IST" duration-ms="0" status="PASS">
          <reporter-output>
          </reporter-output>
        </test-method> <!-- createContactTest -->
        <test-method signature="modifyContactTest()[pri:0, instance:pac1.contactTest@353d0772]" started-at="2025-03-04T16:03:14 IST" name="modifyContactTest" finished-at="2025-03-04T16:03:14 IST" duration-ms="0" status="PASS">
          <reporter-output>
          </reporter-output>
        </test-method> <!-- modifyContactTest -->
      </class> <!-- pac1.contactTest -->
    </test> <!-- Test -->
  </suite> <!-- Suite -->
</testng-results>
