<?xml version="1.0" encoding="UTF-8"?>
<!-- Generated by org.testng.reporters.JUnitXMLReporter -->
<testsuite ignored="0" hostname="MSI" failures="0" tests="4" name="Surefire test" time="0.036" errors="0" timestamp="2025-03-03T15:01:01 IST">
  <testcase classname="pac1.contactTest" name="createContactTest" time="0.011"/>
  <testcase classname="pac1.contactTest" name="modifyContactTest" time="0.0"/>
  <testcase classname="pac2.orgTest" name="createOrgTest" time="0.0"/>
  <testcase classname="pac2.orgTest" name="modifyOrgTest" time="0.0"/>
</testsuite> <!-- Surefire test -->
